# JRE version: Java(TM) SE Runtime Environment (9.0+11) (build 9.0.4+11)
# Java VM: Java HotSpot(TM) 64-Bit Server VM (9.0.4+11, mixed mode, tiered, compressed oops, g1 gc, windows-amd64)
Heap:
 garbage-first heap   total 308224K, used 133717K [0x0000000700000000, 0x0000000700100968, 0x00000007c0000000)
  region size 1024K, 38 young (38912K), 1 survivors (1024K)
 Metaspace       used 85170K, capacity 91211K, committed 91520K, reserved 1128448K
  class space    used 11529K, capacity 12574K, committed 12672K, reserved 1048576K
GC Heap History (10 events):
Event: 402.088 GC heap before
{Heap before GC invocations=265 (full 70):
 garbage-first heap   total 308224K, used 93305K [0x0000000700000000, 0x0000000700100968, 0x00000007c0000000)
  region size 1024K, 2 young (2048K), 0 survivors (0K)
 Metaspace       used 85147K, capacity 91211K, committed 91520K, reserved 1128448K
  class space    used 11529K, capacity 12574K, committed 12672K, reserved 1048576K
}
Event: 402.190 GC heap after
{Heap after GC invocations=266 (full 71):
 garbage-first heap   total 308224K, used 92302K [0x0000000700000000, 0x0000000700100968, 0x00000007c0000000)
  region size 1024K, 0 young (0K), 0 survivors (0K)
 Metaspace       used 85147K, capacity 91211K, committed 91520K, reserved 1128448K
  class space    used 11529K, capacity 12574K, committed 12672K, reserved 1048576K
}
Event: 404.507 GC heap before
{Heap before GC invocations=266 (full 71):
 garbage-first heap   total 308224K, used 98446K [0x0000000700000000, 0x0000000700100968, 0x00000007c0000000)
  region size 1024K, 3 young (3072K), 0 survivors (0K)
 Metaspace       used 85147K, capacity 91211K, committed 91520K, reserved 1128448K
  class space    used 11529K, capacity 12574K, committed 12672K, reserved 1048576K
}
Event: 404.508 GC heap after
{Heap after GC invocations=267 (full 71):
 garbage-first heap   total 308224K, used 96509K [0x0000000700000000, 0x0000000700100968, 0x00000007c0000000)
  region size 1024K, 1 young (1024K), 1 survivors (1024K)
 Metaspace       used 85147K, capacity 91211K, committed 91520K, reserved 1128448K
  class space    used 11529K, capacity 12574K, committed 12672K, reserved 1048576K
}
Event: 405.456 GC heap before
{Heap before GC invocations=267 (full 71):
 garbage-first heap   total 308224K, used 118013K [0x0000000700000000, 0x0000000700100968, 0x00000007c0000000)
  region size 1024K, 23 young (23552K), 1 survivors (1024K)
 Metaspace       used 85147K, capacity 91211K, committed 91520K, reserved 1128448K
  class space    used 11529K, capacity 12574K, committed 12672K, reserved 1048576K
}
Event: 405.457 GC heap after
{Heap after GC invocations=268 (full 71):
 garbage-first heap   total 308224K, used 96531K [0x0000000700000000, 0x0000000700100968, 0x00000007c0000000)
  region size 1024K, 1 young (1024K), 1 survivors (1024K)
 Metaspace       used 85147K, capacity 91211K, committed 91520K, reserved 1128448K
  class space    used 11529K, capacity 12574K, committed 12672K, reserved 1048576K
}
Event: 406.765 GC heap before
{Heap before GC invocations=268 (full 71):
 garbage-first heap   total 308224K, used 156947K [0x0000000700000000, 0x0000000700100968, 0x00000007c0000000)
  region size 1024K, 60 young (61440K), 1 survivors (1024K)
 Metaspace       used 85148K, capacity 91211K, committed 91520K, reserved 1128448K
  class space    used 11529K, capacity 12574K, committed 12672K, reserved 1048576K
}
Event: 406.769 GC heap after
{Heap after GC invocations=269 (full 71):
 garbage-first heap   total 308224K, used 96531K [0x0000000700000000, 0x0000000700100968, 0x00000007c0000000)
  region size 1024K, 1 young (1024K), 1 survivors (1024K)
 Metaspace       used 85148K, capacity 91211K, committed 91520K, reserved 1128448K
  class space    used 11529K, capacity 12574K, committed 12672K, reserved 1048576K
}
Event: 407.397 GC heap before
{Heap before GC invocations=269 (full 71):
 garbage-first heap   total 308224K, used 156947K [0x0000000700000000, 0x0000000700100968, 0x00000007c0000000)
  region size 1024K, 60 young (61440K), 1 survivors (1024K)
 Metaspace       used 85148K, capacity 91211K, committed 91520K, reserved 1128448K
  class space    used 11529K, capacity 12574K, committed 12672K, reserved 1048576K
}
Event: 407.398 GC heap after
{Heap after GC invocations=270 (full 71):
 garbage-first heap   total 308224K, used 96853K [0x0000000700000000, 0x0000000700100968, 0x00000007c0000000)
  region size 1024K, 1 young (1024K), 1 survivors (1024K)
 Metaspace       used 85148K, capacity 91211K, committed 91520K, reserved 1128448K
  class space    used 11529K, capacity 12574K, committed 12672K, reserved 1048576K
}

