# JRE version: Java(TM) SE Runtime Environment (9.0+11) (build 9.0.4+11)
# Java VM: Java HotSpot(TM) 64-Bit Server VM (9.0.4+11, mixed mode, tiered, compressed oops, g1 gc, windows-amd64)
Heap:
 garbage-first heap   total 547840K, used 209482K [0x0000000700000000, 0x00000007001010b8, 0x00000007c0000000)
  region size 1024K, 37 young (37888K), 0 survivors (0K)
 Metaspace       used 103362K, capacity 110683K, committed 110848K, reserved 1144832K
  class space    used 14516K, capacity 15764K, committed 15872K, reserved 1048576K
GC Heap History (10 events):
Event: 2875.687 GC heap before
{Heap before GC invocations=716 (full 153):
 garbage-first heap   total 547840K, used 185841K [0x0000000700000000, 0x00000007001010b8, 0x00000007c0000000)
  region size 1024K, 12 young (12288K), 1 survivors (1024K)
 Metaspace       used 103362K, capacity 110683K, committed 110848K, reserved 1144832K
  class space    used 14516K, capacity 15764K, committed 15872K, reserved 1048576K
}
Event: 2875.887 GC heap after
{Heap after GC invocations=717 (full 154):
 garbage-first heap   total 547840K, used 172723K [0x0000000700000000, 0x00000007001010b8, 0x00000007c0000000)
  region size 1024K, 0 young (0K), 0 survivors (0K)
 Metaspace       used 103362K, capacity 110683K, committed 110848K, reserved 1144832K
  class space    used 14516K, capacity 15764K, committed 15872K, reserved 1048576K
}
Event: 2877.532 GC heap before
{Heap before GC invocations=717 (full 154):
 garbage-first heap   total 547840K, used 216755K [0x0000000700000000, 0x00000007001010b8, 0x00000007c0000000)
  region size 1024K, 44 young (45056K), 0 survivors (0K)
 Metaspace       used 103362K, capacity 110683K, committed 110848K, reserved 1144832K
  class space    used 14516K, capacity 15764K, committed 15872K, reserved 1048576K
}
Event: 2877.740 GC heap after
{Heap after GC invocations=718 (full 155):
 garbage-first heap   total 547840K, used 172846K [0x0000000700000000, 0x00000007001010b8, 0x00000007c0000000)
  region size 1024K, 0 young (0K), 0 survivors (0K)
 Metaspace       used 103362K, capacity 110683K, committed 110848K, reserved 1144832K
  class space    used 14516K, capacity 15764K, committed 15872K, reserved 1048576K
}
Event: 2879.089 GC heap before
{Heap before GC invocations=718 (full 155):
 garbage-first heap   total 547840K, used 174894K [0x0000000700000000, 0x00000007001010b8, 0x00000007c0000000)
  region size 1024K, 3 young (3072K), 0 survivors (0K)
 Metaspace       used 103362K, capacity 110683K, committed 110848K, reserved 1144832K
  class space    used 14516K, capacity 15764K, committed 15872K, reserved 1048576K
}
Event: 2879.290 GC heap after
{Heap after GC invocations=719 (full 156):
 garbage-first heap   total 547840K, used 172651K [0x0000000700000000, 0x00000007001010b8, 0x00000007c0000000)
  region size 1024K, 0 young (0K), 0 survivors (0K)
 Metaspace       used 103362K, capacity 110683K, committed 110848K, reserved 1144832K
  class space    used 14516K, capacity 15764K, committed 15872K, reserved 1048576K
}
Event: 2879.702 GC heap before
{Heap before GC invocations=719 (full 156):
 garbage-first heap   total 547840K, used 174699K [0x0000000700000000, 0x00000007001010b8, 0x00000007c0000000)
  region size 1024K, 3 young (3072K), 0 survivors (0K)
 Metaspace       used 103362K, capacity 110683K, committed 110848K, reserved 1144832K
  class space    used 14516K, capacity 15764K, committed 15872K, reserved 1048576K
}
Event: 2879.904 GC heap after
{Heap after GC invocations=720 (full 157):
 garbage-first heap   total 547840K, used 172635K [0x0000000700000000, 0x00000007001010b8, 0x00000007c0000000)
  region size 1024K, 0 young (0K), 0 survivors (0K)
 Metaspace       used 103362K, capacity 110683K, committed 110848K, reserved 1144832K
  class space    used 14516K, capacity 15764K, committed 15872K, reserved 1048576K
}
Event: 2880.513 GC heap before
{Heap before GC invocations=720 (full 157):
 garbage-first heap   total 547840K, used 174683K [0x0000000700000000, 0x00000007001010b8, 0x00000007c0000000)
  region size 1024K, 3 young (3072K), 0 survivors (0K)
 Metaspace       used 103362K, capacity 110683K, committed 110848K, reserved 1144832K
  class space    used 14516K, capacity 15764K, committed 15872K, reserved 1048576K
}
Event: 2880.705 GC heap after
{Heap after GC invocations=721 (full 158):
 garbage-first heap   total 547840K, used 172618K [0x0000000700000000, 0x00000007001010b8, 0x00000007c0000000)
  region size 1024K, 0 young (0K), 0 survivors (0K)
 Metaspace       used 103362K, capacity 110683K, committed 110848K, reserved 1144832K
  class space    used 14516K, capacity 15764K, committed 15872K, reserved 1048576K
}

